This is pdfeTeX, Version 3.141592-1.21a-2.2 (MiKTeX 2.4) (preloaded format=latex 2005.6.14)  23 NOV 2005 08:51
entering extended mode
**C:/Documents*and*Settings/ojki/Escritorio/PFCPlantillas/PlantillaPFCII/PFC.te
x

(C:/Documents and Settings/ojki/Escritorio/PFCPlantillas/PlantillaPFCII/PFC.tex
LaTeX2e <2003/12/01>
Babel <v3.8a> and hyphenation patterns for spanish, loaded.
(C:\texmf\tex\latex\base\book.cls
Document Class: book 2004/02/16 v1.4f Standard LaTeX document class
(C:\texmf\tex\latex\base\bk11.clo
File: bk11.clo 2004/02/16 v1.4f Standard LaTeX file (size option)
)
\c@part=\count79
\c@chapter=\count80
\c@section=\count81
\c@subsection=\count82
\c@subsubsection=\count83
\c@paragraph=\count84
\c@subparagraph=\count85
\c@figure=\count86
\c@table=\count87
\abovecaptionskip=\skip41
\belowcaptionskip=\skip42
\bibindent=\dimen102
) (C:\texmf\tex\generic\babel\babel.sty
Package: babel 2004/02/19 v3.8a The Babel package

(C:\texmf\tex\generic\babel\spanish.ldf
Language: spanish.ldf 2004/02/20 v4.2b Spanish support from the babel system
 (C:\texmf\tex\generic\babel\babel.def
File: babel.def 2004/02/19 v3.8a Babel common definitions
\babel@savecnt=\count88
\U@D=\dimen103
)
\es@quottoks=\toks14
\es@quotdepth=\count89
Package babel Info: Making . an active character on input line 509.
Package babel Info: Making " an active character on input line 540.
Package babel Info: Making < an active character on input line 641.
Package babel Info: Making > an active character on input line 642.
)) (C:\texmf\tex\latex\base\inputenc.sty
Package: inputenc 2004/02/05 v1.0d Input encoding file
 (C:\texmf\tex\latex\base\latin1.def
File: latin1.def 2004/02/05 v1.0d Input encoding file
))
(C:\texmf\tex\latex\base\fontenc.sty
Package: fontenc 2004/02/22 v1.99f Standard LaTeX package
 (C:\texmf\tex\latex\base\t1enc.def
File: t1enc.def 2004/02/22 v1.99f Standard LaTeX file
LaTeX Font Info:    Redeclaring font encoding T1 on input line 43.
))
(C:\texmf\tex\latex\amsmath\amsmath.sty
Package: amsmath 2000/07/18 v2.13 AMS math features
\@mathmargin=\skip43

For additional information on amsmath, use the `?' option.
(C:\texmf\tex\latex\amsmath\amstext.sty
Package: amstext 2000/06/29 v2.01
 (C:\texmf\tex\latex\amsmath\amsgen.sty
File: amsgen.sty 1999/11/30 v2.0
\@emptytoks=\toks15
\ex@=\dimen104
)) (C:\texmf\tex\latex\amsmath\amsbsy.sty
Package: amsbsy 1999/11/29 v1.2d
\pmbraise@=\dimen105
)
(C:\texmf\tex\latex\amsmath\amsopn.sty
Package: amsopn 1999/12/14 v2.01 operator names
)
\inf@bad=\count90
LaTeX Info: Redefining \frac on input line 211.
\uproot@=\count91
\leftroot@=\count92
LaTeX Info: Redefining \overline on input line 307.
\classnum@=\count93
\DOTSCASE@=\count94
LaTeX Info: Redefining \ldots on input line 379.
LaTeX Info: Redefining \dots on input line 382.
LaTeX Info: Redefining \cdots on input line 467.
\Mathstrutbox@=\box26
\strutbox@=\box27
\big@size=\dimen106
LaTeX Font Info:    Redeclaring font encoding OML on input line 567.
LaTeX Font Info:    Redeclaring font encoding OMS on input line 568.
\macc@depth=\count95
\c@MaxMatrixCols=\count96
\dotsspace@=\muskip10
\c@parentequation=\count97
\dspbrk@lvl=\count98
\tag@help=\toks16
\row@=\count99
\column@=\count100
\maxfields@=\count101
\andhelp@=\toks17
\eqnshift@=\dimen107
\alignsep@=\dimen108
\tagshift@=\dimen109
\tagwidth@=\dimen110
\totwidth@=\dimen111
\lineht@=\dimen112
\@envbody=\toks18
\multlinegap=\skip44
\multlinetaggap=\skip45
\mathdisplay@stack=\toks19
LaTeX Info: Redefining \[ on input line 2666.
LaTeX Info: Redefining \] on input line 2667.
) (C:\texmf\tex\latex\amscls\amsthm.sty
Package: amsthm 2004/08/06 v2.20
\thm@style=\toks20
\thm@bodyfont=\toks21
\thm@headfont=\toks22
\thm@notefont=\toks23
\thm@headpunct=\toks24
\thm@preskip=\skip46
\thm@postskip=\skip47
\thm@headsep=\skip48
\dth@everypar=\toks25
) (C:\texmf\tex\latex\amsfonts\amsfonts.sty
Package: amsfonts 2001/10/25 v2.2f
\symAMSa=\mathgroup4
\symAMSb=\mathgroup5
LaTeX Font Info:    Overwriting math alphabet `\mathfrak' in version `bold'
(Font)                  U/euf/m/n --> U/euf/b/n on input line 132.
)
(C:\texmf\tex\latex\amsfonts\amssymb.sty
Package: amssymb 2002/01/22 v2.2d
)
(C:\texmf\tex\latex\ltxmisc\shadow.sty
Package: shadow 2003/02/19 v1.3 shadow boxes (M.O.)
\txtwdth=\dimen113
\sht=\dimen114
\shw=\dimen115
\shbox=\box28
\sboxsep=\dimen116
\sboxrule=\dimen117
\sdim=\dimen118
)
(C:\texmf\tex\latex\tools\indentfirst.sty
Package: indentfirst 1995/11/23 v1.03 Indent first paragraph (DPC)
)
(C:\texmf\tex\latex\fancyhdr\fancyhdr.sty
\fancy@headwidth=\skip49
\f@ncyO@elh=\skip50
\f@ncyO@erh=\skip51
\f@ncyO@olh=\skip52
\f@ncyO@orh=\skip53
\f@ncyO@elf=\skip54
\f@ncyO@erf=\skip55
\f@ncyO@olf=\skip56
\f@ncyO@orf=\skip57
)
(C:\texmf\tex\latex\graphics\graphicx.sty
Package: graphicx 1999/02/16 v1.0f Enhanced LaTeX Graphics (DPC,SPQR)

(C:\texmf\tex\latex\graphics\keyval.sty
Package: keyval 1999/03/16 v1.13 key=value parser (DPC)
\KV@toks@=\toks26
)
(C:\texmf\tex\latex\graphics\graphics.sty
Package: graphics 2001/07/07 v1.0n Standard LaTeX Graphics (DPC,SPQR)
 (C:\texmf\tex\latex\graphics\trig.sty
Package: trig 1999/03/16 v1.09 sin cos tan (DPC)
) (C:\texmf\tex\latex\00miktex\graphics.cfg
File: graphics.cfg 2003/03/12 v1.1 MiKTeX 'graphics' configuration
)
Package graphics Info: Driver file: pdftex.def on input line 80.

(C:\texmf\tex\latex\graphics\pdftex.def
File: pdftex.def 2002/06/19 v0.03k graphics/color for pdftex
\Gread@gobject=\count102
))
\Gin@req@height=\dimen119
\Gin@req@width=\dimen120
)
(C:\texmf\tex\latex\appendix\appendix.sty
Package: appendix 2002/08/06 v1.2 extra appendix facilities
\c@@pps=\count103
\c@@ppsavesec=\count104
\c@@ppsaveapp=\count105
)
(C:\texmf\tex\latex\hyperref\hyperref.sty
Package: hyperref 2003/11/30 v6.74m Hypertext links for LaTeX
\@linkdim=\dimen121
\Hy@linkcounter=\count106
\Hy@pagecounter=\count107

(C:\texmf\tex\latex\hyperref\pd1enc.def
File: pd1enc.def 2003/11/30 v6.74m Hyperref: PDFDocEncoding definition (HO)
)
(C:\texmf\tex\latex\00miktex\hyperref.cfg
File: hyperref.cfg 2003/03/08 v1.0 MiKTeX 'hyperref' configuration
)
Package hyperref Info: Option `colorlinks' set `true' on input line 1830.
Package hyperref Info: Hyper figures OFF on input line 1880.
Package hyperref Info: Link nesting OFF on input line 1885.
Package hyperref Info: Hyper index ON on input line 1888.
Package hyperref Info: Plain pages ON on input line 1893.
Package hyperref Info: Backreferencing OFF on input line 1900.

Implicit mode ON; LaTeX internals redefined
Package hyperref Info: Bookmarks ON on input line 2004.
(C:\texmf\tex\latex\ltxmisc\url.sty
\Urlmuskip=\muskip11
Package: url 2004/03/15  ver 3.1  Verb mode for urls, etc.
)
LaTeX Info: Redefining \url on input line 2143.
\Fld@menulength=\count108
\Field@Width=\dimen122
\Fld@charsize=\dimen123
\Choice@toks=\toks27
\Field@toks=\toks28
Package hyperref Info: Hyper figures OFF on input line 2618.
Package hyperref Info: Link nesting OFF on input line 2623.
Package hyperref Info: Hyper index ON on input line 2626.
Package hyperref Info: backreferencing OFF on input line 2633.
Package hyperref Info: Link coloring ON on input line 2636.
\c@Item=\count109
\c@Hfootnote=\count110
)
*hyperref using default driver hpdftex*
(C:\texmf\tex\latex\hyperref\hpdftex.def
File: hpdftex.def 2003/11/30 v6.74m Hyperref driver for pdfTeX
 (C:\texmf\tex\latex\psnfss\pifont.sty
Package: pifont 2004/09/15 PSNFSS-v9.2 Pi font support (SPQR) 
LaTeX Font Info:    Try loading font information for U+pzd on input line 63.

(C:\texmf\tex\latex\psnfss\upzd.fd
File: upzd.fd 2001/06/04 font definitions for U/pzd.
)
LaTeX Font Info:    Try loading font information for U+psy on input line 64.
 (C:\texmf\tex\latex\psnfss\upsy.fd
File: upsy.fd 2001/06/04 font definitions for U/psy.
))
\Fld@listcount=\count111
\@outlinefile=\write3
)
(C:\texmf\tex\latex\ltxmisc\anysize.sty
Package: anysize 1994/08/13 1.0 Contributed LaTeX2e package

Package: `anysize' 1.0 <1994/08/13>
\@Leftmargin=\dimen124
\@Rightmargin=\dimen125
\@Topmargin=\dimen126
\@Bottommargin=\dimen127
) (C:\texmf\tex\latex\tools\theorem.sty
Package: theorem 1995/11/23 v2.2c Theorem extension package (FMi)
\theorem@style=\toks29
\theorem@bodyfont=\toks30
\theorempreskipamount=\skip58
\theorempostskipamount=\skip59
 (C:\texmf\tex\latex\tools\thp.sty
File: thp.sty 1995/11/23 v2.2c Theorem extension package (FMi)
))
(C:\texmf\tex\latex\float\float.sty
Package: float 2001/11/08 v1.3d Float enhancements (AL)
\c@float@type=\count112
\float@exts=\toks31
\float@box=\box29
\@float@everytoks=\toks32
\@floatcapt=\box30
) (C:\texmf\tex\latex\fncychap\fncychap.sty
Package: fncychap 2004/09/20 v1.3 LaTeX package (Revised chapters)
\RW=\skip60
\mylen=\skip61
\myhi=\skip62
\px=\skip63
\py=\skip64
\pyy=\skip65
\pxx=\skip66
) (C:\texmf\tex\latex\eurofont\eurofont.sty
Package: eurofont 1999/01/30 v1.1.3 A package for using euro symbols
\EF@tokb=\toks33

(C:\texmf\tex\latex\eurofont\eurofont.cfg
File: eurofont.cfg 1998/11/03 v1.0 Default config file for the eurofont package

)
(C:\texmf\tex\latex\base\textcomp.sty
Package: textcomp 2004/02/22 v1.99f Standard LaTeX package
Package textcomp Info: Sub-encoding information:
(textcomp)               5 = only ISO-Adobe without \textcurrency
(textcomp)               4 = 5 + \texteuro
(textcomp)               3 = 4 + \textohm
(textcomp)               2 = 3 + \textestimated + \textcurrency
(textcomp)               1 = TS1 - \textcircled - \t
(textcomp)               0 = TS1 (full)
(textcomp)             Font families with sub-encoding setting implement
(textcomp)             only a restricted character set as indicated.
(textcomp)             Family '?' is the default used for unknown fonts.
(textcomp)             See the documentation for details.
Package textcomp Info: Setting ? sub-encoding to TS1/1 on input line 71.
 (C:\texmf\tex\latex\base\ts1enc.def
File: ts1enc.def 2001/06/05 v3.0e (jk/car/fm) Standard LaTeX file
)
LaTeX Info: Redefining \oldstylenums on input line 266.
Package textcomp Info: Setting cmr sub-encoding to TS1/0 on input line 281.
Package textcomp Info: Setting cmss sub-encoding to TS1/0 on input line 282.
Package textcomp Info: Setting cmtt sub-encoding to TS1/0 on input line 283.
Package textcomp Info: Setting cmvtt sub-encoding to TS1/0 on input line 284.
Package textcomp Info: Setting cmbr sub-encoding to TS1/0 on input line 285.
Package textcomp Info: Setting cmtl sub-encoding to TS1/0 on input line 286.
Package textcomp Info: Setting ccr sub-encoding to TS1/0 on input line 287.
Package textcomp Info: Setting ptm sub-encoding to TS1/4 on input line 288.
Package textcomp Info: Setting pcr sub-encoding to TS1/4 on input line 289.
Package textcomp Info: Setting phv sub-encoding to TS1/4 on input line 290.
Package textcomp Info: Setting ppl sub-encoding to TS1/3 on input line 291.
Package textcomp Info: Setting pag sub-encoding to TS1/4 on input line 292.
Package textcomp Info: Setting pbk sub-encoding to TS1/4 on input line 293.
Package textcomp Info: Setting pnc sub-encoding to TS1/4 on input line 294.
Package textcomp Info: Setting pzc sub-encoding to TS1/4 on input line 295.
Package textcomp Info: Setting bch sub-encoding to TS1/4 on input line 296.
Package textcomp Info: Setting put sub-encoding to TS1/5 on input line 297.
Package textcomp Info: Setting uag sub-encoding to TS1/5 on input line 298.
Package textcomp Info: Setting ugq sub-encoding to TS1/5 on input line 299.
Package textcomp Info: Setting ul8 sub-encoding to TS1/4 on input line 300.
Package textcomp Info: Setting ul9 sub-encoding to TS1/4 on input line 301.
Package textcomp Info: Setting augie sub-encoding to TS1/5 on input line 302.
Package textcomp Info: Setting dayrom sub-encoding to TS1/3 on input line 303.
Package textcomp Info: Setting dayroms sub-encoding to TS1/3 on input line 304.

Package textcomp Info: Setting pxr sub-encoding to TS1/0 on input line 305.
Package textcomp Info: Setting pxss sub-encoding to TS1/0 on input line 306.
Package textcomp Info: Setting pxtt sub-encoding to TS1/0 on input line 307.
Package textcomp Info: Setting txr sub-encoding to TS1/0 on input line 308.
Package textcomp Info: Setting txss sub-encoding to TS1/0 on input line 309.
Package textcomp Info: Setting txtt sub-encoding to TS1/0 on input line 310.
Package textcomp Info: Setting futs sub-encoding to TS1/4 on input line 311.
Package textcomp Info: Setting futx sub-encoding to TS1/4 on input line 312.
Package textcomp Info: Setting futj sub-encoding to TS1/4 on input line 313.
Package textcomp Info: Setting hlh sub-encoding to TS1/3 on input line 314.
Package textcomp Info: Setting hls sub-encoding to TS1/3 on input line 315.
Package textcomp Info: Setting hlst sub-encoding to TS1/3 on input line 316.
Package textcomp Info: Setting hlct sub-encoding to TS1/5 on input line 317.
Package textcomp Info: Setting hlx sub-encoding to TS1/5 on input line 318.
Package textcomp Info: Setting hlce sub-encoding to TS1/5 on input line 319.
Package textcomp Info: Setting hlcn sub-encoding to TS1/5 on input line 320.
Package textcomp Info: Setting hlcw sub-encoding to TS1/5 on input line 321.
Package textcomp Info: Setting hlcf sub-encoding to TS1/5 on input line 322.
Package textcomp Info: Setting pplx sub-encoding to TS1/3 on input line 323.
Package textcomp Info: Setting pplj sub-encoding to TS1/3 on input line 324.
Package textcomp Info: Setting ptmx sub-encoding to TS1/4 on input line 325.
Package textcomp Info: Setting ptmj sub-encoding to TS1/4 on input line 326.
)
\EF@pmbshift=\skip67
)
(C:\texmf\tex\latex\fancyhdr\extramarks.sty
\@temptokenb=\toks34
) (PFC.aux (Acta/Acta.aux)
(capitulo1/capitulo1.aux) (capitulo2/capitulo2.aux))
LaTeX Font Info:    Checking defaults for OML/cmm/m/it on input line 33.
LaTeX Font Info:    ... okay on input line 33.
LaTeX Font Info:    Checking defaults for T1/cmr/m/n on input line 33.
LaTeX Font Info:    ... okay on input line 33.
LaTeX Font Info:    Checking defaults for OT1/cmr/m/n on input line 33.
LaTeX Font Info:    ... okay on input line 33.
LaTeX Font Info:    Checking defaults for OMS/cmsy/m/n on input line 33.
LaTeX Font Info:    ... okay on input line 33.
LaTeX Font Info:    Checking defaults for OMX/cmex/m/n on input line 33.
LaTeX Font Info:    ... okay on input line 33.
LaTeX Font Info:    Checking defaults for U/cmr/m/n on input line 33.
LaTeX Font Info:    ... okay on input line 33.
LaTeX Font Info:    Checking defaults for PD1/pdf/m/n on input line 33.
LaTeX Font Info:    ... okay on input line 33.
LaTeX Font Info:    Checking defaults for TS1/cmr/m/n on input line 33.
LaTeX Font Info:    Try loading font information for TS1+cmr on input line 33.

(C:\texmf\tex\latex\base\ts1cmr.fd
File: ts1cmr.fd 1999/05/25 v2.5h Standard LaTeX font definitions
)
LaTeX Font Info:    ... okay on input line 33.
 (C:\texmf\tex\context\base\supp-pdf.tex
(C:\texmf\tex\context\base\supp-mis.tex
loading : Context Support Macros / Miscellaneous (2004.10.26)
\protectiondepth=\count113
\scratchcounter=\count114
\scratchtoks=\toks35
\scratchdimen=\dimen128
\scratchskip=\skip68
\scratchmuskip=\muskip12
\scratchbox=\box31
\scratchread=\read1
\scratchwrite=\write4
\zeropoint=\dimen129
\onepoint=\dimen130
\onebasepoint=\dimen131
\minusone=\count115
\thousandpoint=\dimen132
\onerealpoint=\dimen133
\emptytoks=\toks36
\nextbox=\box32
\nextdepth=\dimen134
\everyline=\toks37
\!!counta=\count116
\!!countb=\count117
\recursecounter=\count118
)
loading : Context Support Macros / PDF (2004.03.26)
\nofMPsegments=\count119
\nofMParguments=\count120
\MPscratchCnt=\count121
\MPscratchDim=\dimen135
\MPnumerator=\count122
\everyMPtoPDFconversion=\toks38
) (C:\texmf\tex\latex\graphics\color.sty
Package: color 1999/02/16 v1.0i Standard LaTeX Color (DPC)
LaTeX Info: Redefining \color on input line 71.
 (C:\texmf\tex\latex\00miktex\color.cfg
File: color.cfg 2003/03/08 v1.0 MiKTeX 'color' configuration
)
Package color Info: Driver file: pdftex.def on input line 125.
)
Package hyperref Info: Link coloring ON on input line 33.
 (C:\texmf\tex\latex\hyperref\nameref.sty
Package: nameref 2003/12/03 v2.21 Cross-referencing by name of section
\c@section@level=\count123
)
LaTeX Info: Redefining \ref on input line 33.
LaTeX Info: Redefining \pageref on input line 33.
 (PFC.out) (PFC.out)
(portada/port.tex <fig/escudo.pdf, id=66, 434.62375pt x 434.62375pt>
File: fig/escudo.pdf Graphic file (type pdf)

<use fig/escudo.pdf>
LaTeX Font Info:    Try loading font information for U+msa on input line 29.
 (C:\texmf\tex\latex\amsfonts\umsa.fd
File: umsa.fd 2002/01/19 v2.2g AMS font definitions
)
LaTeX Font Info:    Try loading font information for U+msb on input line 29.

(C:\texmf\tex\latex\amsfonts\umsb.fd
File: umsb.fd 2002/01/19 v2.2g AMS font definitions
) [1


{psfonts.map} <fig/escudo.pdf>])
[2

] (Acta/Acta.tex
Overfull \hbox (7.85922pt too wide) in paragraph at lines 10--10
[]\T1/cmr/m/sc/12 Cotutora:| 
 []

) [3

] [4


] (Agradecimientos/Agradecimientos.tex) [5] [6

] (Cita/Cita.tex)
[7] [8

] (Resumen/Abstract.tex) [9

] [10

] (PFC.toc)
\tf@toc=\write5
 [11

] [12

] (PFC.lof)
\tf@lof=\write6
 [13]
[14

] (PFC.lot)
\tf@lot=\write7
 [15] (capitulo1/capitulo1.tex

Package Fancyhdr Warning: \headheight is too small (12.0pt): 
 Make it at least 13.59999pt.
 We now make it that large for the rest of the document.
 This may cause the page layout to be inconsistent, however.

[16


]
Cap\'{\i }tulo 1.
LaTeX Font Info:    Try loading font information for OT1+phv on input line 1.
(C:\texmf\tex\latex\psnfss\ot1phv.fd
File: ot1phv.fd 2001/06/04 scalable font definitions for OT1/phv.
)
LaTeX Font Info:    Try loading font information for OT1+ptm on input line 1.
 (C:\texmf\tex\latex\psnfss\ot1ptm.fd
File: ot1ptm.fd 2001/06/04 font definitions for OT1/ptm.
)
LaTeX Font Info:    Try loading font information for T1+cmtt on input line 14.

(C:\texmf\tex\latex\base\t1cmtt.fd
File: t1cmtt.fd 1999/05/25 v2.5h Standard LaTeX font definitions
) [17]
<fig/MiktexInst.png, id=230, 504.88625pt x 395.4775pt>
File: fig/MiktexInst.png Graphic file (type png)

<use fig/MiktexInst.png>
<fig/MiktexInst2.png, id=231, 506.89375pt x 392.46625pt>
File: fig/MiktexInst2.png Graphic file (type png)

<use fig/MiktexInst2.png> <fig/MiktexInst3.png, id=232, 505.89pt x 393.47pt>
File: fig/MiktexInst3.png Graphic file (type png)

<use fig/MiktexInst3.png>

Package Fancyhdr Warning: \headheight is too small (13.59999pt): 
 Make it at least 13.64296pt.
 We now make it that large for the rest of the document.
 This may cause the page layout to be inconsistent, however.

[18] [19
! pdfTeX warning (ext4): destination with the same identifier (name{figure.1.1}
) has been already used, duplicate ignored
<to be read again> 
                   \endgroup \set@typeset@protect 
l.62 
     
! pdfTeX warning (ext4): destination with the same identifier (name{figure.1.2}
) has been already used, duplicate ignored
<to be read again> 
                   \endgroup \set@typeset@protect 
l.62 
      <fig/MiktexInst.png> <fig/MiktexInst2.png>]
<fig/MiktexInst4.png, id=253, 504.88625pt x 396.48125pt>
File: fig/MiktexInst4.png Graphic file (type png)

<use fig/MiktexInst4.png>
Underfull \vbox (badness 10000) has occurred while \output is active []

 [20
! pdfTeX warning (ext4): destination with the same identifier (name{figure.1.3}
) has been already used, duplicate ignored
<to be read again> 
                   \endgroup \set@typeset@protect 
l.74 
     
! pdfTeX warning (ext4): destination with the same identifier (name{figure.1.4}
) has been already used, duplicate ignored
<to be read again> 
                   \endgroup \set@typeset@protect 
l.74 
      <fig/MiktexInst3.png> <fig/MiktexInst4.png>]
<fig/MiktexInst5.png, id=260, 503.8825pt x 398.48875pt>
File: fig/MiktexInst5.png Graphic file (type png)

<use fig/MiktexInst5.png>
<fig/MiktexInst6.png, id=261, 504.88625pt x 395.4775pt>
File: fig/MiktexInst6.png Graphic file (type png)

<use fig/MiktexInst6.png>
<fig/MiktexInst7.png, id=262, 506.89375pt x 396.48125pt>
File: fig/MiktexInst7.png Graphic file (type png)

<use fig/MiktexInst7.png> [21
! pdfTeX warning (ext4): destination with the same identifier (name{figure.1.5}
) has been already used, duplicate ignored
<to be read again> 
                   \endgroup \set@typeset@protect 
l.112 	\item W
              inEdt~(\url{www.winedt.com}): Es un buen editor de \LaTeX, se ...
 <fig/MiktexInst5.png>] [22
! pdfTeX warning (ext4): destination with the same identifier (name{figure.1.6}
) has been already used, duplicate ignored
<to be read again> 
                   \endgroup \set@typeset@protect 
l.112 	\item W
              inEdt~(\url{www.winedt.com}): Es un buen editor de \LaTeX, se ...
! pdfTeX warning (ext4): destination with the same identifier (name{figure.1.7}
) has been already used, duplicate ignored
<to be read again> 
                   \endgroup \set@typeset@protect 
l.112 	\item W
              inEdt~(\url{www.winedt.com}): Es un buen editor de \LaTeX, se ...
 <fig/MiktexInst6.png> <fig/MiktexInst7.png>]
<fig/Texnic.png, id=275, 1027.84pt x 770.88pt>
File: fig/Texnic.png Graphic file (type png)
 <use fig/Texnic.png>
Overfull \hbox (8.74231pt too wide) in paragraph at lines 162--162
[]\T1/cmtt/m/n/10.95 \usepackage[latin1]{inputenc}%%%Este paquete permite poner
 acentos directamente%%%[] 
 []

[23]
Underfull \vbox (badness 10000) has occurred while \output is active []

 [24
! pdfTeX warning (ext4): destination with the same identifier (name{figure.1.8}
) has been already used, duplicate ignored
<to be read again> 
                   \endgroup \set@typeset@protect 
l.162 \end{verbatim}
                     <fig/Texnic.png>]
<fig/lat1.png, id=289, 586.19pt x 281.05pt>
File: fig/lat1.png Graphic file (type png)
 <use fig/lat1.png>
<fig/lat2.png, id=290, 720.6925pt x 268.00125pt>
File: fig/lat2.png Graphic file (type png)
 <use fig/lat2.png>
<fig/lat3.png, id=291, 699.61375pt x 508.90125pt>
File: fig/lat3.png Graphic file (type png)
 <use fig/lat3.png> [25 <fig/lat1.png> <fig/lat2.png>] [26 <fig/lat3.png>]
<fig/WinEdt1.png, id=312, 947.54pt x 325.215pt>
File: fig/WinEdt1.png Graphic file (type png)
 <use fig/WinEdt1.png>
<fig/WinEdt2.png, id=313, 927.465pt x 327.2225pt>
File: fig/WinEdt2.png Graphic file (type png)
 <use fig/WinEdt2.png>
<fig/WinEdt3.png, id=314, 940.51375pt x 221.82875pt>
File: fig/WinEdt3.png Graphic file (type png)
 <use fig/WinEdt3.png>
[27 <fig/WinEdt1.png> <fig/WinEdt2.png>]
<fig/Texnic1.png, id=329, 885.3075pt x 301.125pt>
File: fig/Texnic1.png Graphic file (type png)
 <use fig/Texnic1.png>
Underfull \vbox (badness 10000) has occurred while \output is active []

 [28 <fig/WinEdt3.png>] [29
! pdfTeX warning (ext4): destination with the same identifier (name{figure.1.15
}) has been already used, duplicate ignored
<to be read again> 
                   \endgroup \set@typeset@protect 
l.282 	\item \LaTeX
                   ->pdf si \emph{todas} las figuras que se incluyen son de ...
 <fig/Texnic1.png>] [30]
<fig/AtractorLorenz.png, id=354, 546.54187pt x 319.94531pt>
File: fig/AtractorLorenz.png Graphic file (type png)

<use fig/AtractorLorenz.png> [31
! pdfTeX warning (ext4): destination with the same identifier (name{figure.1.16
}) has been already used, duplicate ignored
<to be read again> 
                   \endgroup \set@typeset@protect 
l.353 \end{verbatim}
                     <fig/AtractorLorenz.png>]

LaTeX Warning: `h' float specifier changed to `ht'.

[32] [33
! pdfTeX warning (ext4): destination with the same identifier (name{table.1.1})
 has been already used, duplicate ignored
<to be read again> 
                   \endgroup \set@typeset@protect 
l.431 \end{verbatim}
                    ] <fig/WinEdt4.png, id=372, 1027.84pt x 770.88pt>
File: fig/WinEdt4.png Graphic file (type png)

<use fig/WinEdt4.png> [34
! pdfTeX warning (ext4): destination with the same identifier (name{figure.1.17
}) has been already used, duplicate ignored
<to be read again> 
                   \endgroup \set@typeset@protect 
l.445 \end{verbatim}
                     <fig/WinEdt4.png>]
<fig/WinEdt5.png, id=378, 1027.84pt x 770.88pt>
File: fig/WinEdt5.png Graphic file (type png)
 <use fig/WinEdt5.png> [35
! pdfTeX warning (ext4): destination with the same identifier (name{figure.1.18
}) has been already used, duplicate ignored
<to be read again> 
                   \endgroup \set@typeset@protect 
l.471 \section
              {Conclusiones y recomendaciones} <fig/WinEdt5.png>]) [36]
(capitulo2/capitulo2.tex
Cap\'{\i }tulo 2.
) [37



] [38


] [39] [40] (Presupuesto/Presupuesto.tex
! pdfTeX warning (ext4): destination with the same identifier (name{chapter.1})
 has been already used, duplicate ignored
<to be read again> 
                   \penalty 
l.1 \chapter{PRESUPUESTO DEL PROYECTO}
                                      
AP\'ENDICE A.
LaTeX Font Info:    Try loading font information for T1+cmss on input line 7.
(C:\texmf\tex\latex\base\t1cmss.fd
File: t1cmss.fd 1999/05/25 v2.5h Standard LaTeX font definitions
)
! pdfTeX warning (ext4): destination with the same identifier (name{table.1.1})
 has been already used, duplicate ignored
<to be read again> 
                   \penalty 
l.10             \caption
                         [Fases del Proyecto]{\it\small \label{tab:presupues...
! pdfTeX warning (ext4): destination with the same identifier (name{table.1.1})
 has been already used, duplicate ignored
<to be read again> 
                   \penalty 
l.10 ...abel{tab:presupuesto1} Fases del Proyecto}
                                                  ) (PFC.bbl [41

] [42
! pdfTeX warning (ext4): destination with the same identifier (name{table.1.2})
 has been already used, duplicate ignored
<to be read again> 
                   \endgroup \set@typeset@protect 
l.1 \begin{thebibliography}{1}
                              
! pdfTeX warning (ext4): destination with the same identifier (name{table.1.3})
 has been already used, duplicate ignored
<to be read again> 
                   \endgroup \set@typeset@protect 
l.1 \begin{thebibliography}{1}
                              ]) [43

] (PFC.aux (Acta/Acta.aux)
(capitulo1/capitulo1.aux) (capitulo2/capitulo2.aux)) ) 
Here is how much of TeX's memory you used:
 6293 strings out of 95545
 74605 string characters out of 1189869
 129844 words of memory out of 1129140
 8575 multiletter control sequences out of 60000
 35309 words of font info for 88 fonts, out of 500000 for 1000
 0 hyphenation exceptions out of 607
 35i,14n,43p,1011b,561s stack positions out of 1500i,500n,5000p,200000b,32768s
PDF statistics:
 437 PDF objects out of 300000
 101 named destinations out of 300000
 232 words of extra memory for PDF output out of 65536
 <C:\localtexmf\fonts\pk\
ljfour\jknappen\ec\dpi600\tcti1095.pk><C:\texmf\fonts\type1\bluesky\cm\cmr10.pf
b> <C:\localtexmf\fonts\pk\ljfour\jknappen\ec\dpi600\ecbi1095.pk> <C:\localtexm
f\fonts\pk\ljfour\jknappen\ec\dpi600\ecti1000.pk><C:\texmf\fonts\type1\bluesky\
cm\cmmi10.pfb> <C:\localtexmf\fonts\pk\ljfour\jknappen\ec\dpi600\tcrm1095.pk> <
C:\localtexmf\fonts\pk\ljfour\jknappen\ec\dpi600\ecbx2488.pk><C:\texmf\fonts\ty
pe1\bluesky\cm\cmsy9.pfb> <C:\localtexmf\fonts\pk\ljfour\jknappen\ec\dpi600\ecr
m0900.pk> <C:\localtexmf\fonts\pk\ljfour\jknappen\ec\dpi600\ecrm0600.pk> <C:\lo
caltexmf\fonts\pk\ljfour\jknappen\ec\dpi600\ecbx0800.pk> <C:\localtexmf\fonts\p
k\ljfour\jknappen\ec\dpi600\ectt1095.pk>{8r.enc}<C:\texmf\fonts\type1\urw\urwst
d\utmr8a.pfb><C:\texmf\fonts\type1\urw\urwstd\uhvr8a.pfb> <C:\localtexmf\fonts\
pk\ljfour\jknappen\ec\dpi600\ecrm0800.pk> <C:\localtexmf\fonts\pk\ljfour\jknapp
en\ec\dpi600\ecrm2488.pk> <C:\localtexmf\fonts\pk\ljfour\jknappen\ec\dpi600\ect
i1095.pk> <C:\localtexmf\fonts\pk\ljfour\jknappen\ec\dpi600\eccc1095.pk> <C:\lo
caltexmf\fonts\pk\ljfour\jknappen\ec\dpi600\ecrm1095.pk> <C:\localtexmf\fonts\p
k\ljfour\jknappen\ec\dpi600\ecrm1200.pk> <C:\localtexmf\fonts\pk\ljfour\jknappe
n\ec\dpi600\ecti0800.pk> <C:\localtexmf\fonts\pk\ljfour\jknappen\ec\dpi600\ecti
1200.pk> <C:\localtexmf\fonts\pk\ljfour\jknappen\ec\dpi600\eccc1200.pk> <C:\loc
altexmf\fonts\pk\ljfour\jknappen\ec\dpi600\ecbx1095.pk> <C:\localtexmf\fonts\pk
\ljfour\jknappen\ec\dpi600\ecbx1000.pk> <C:\localtexmf\fonts\pk\ljfour\jknappen
\ec\dpi600\ecbx1440.pk> <C:\localtexmf\fonts\pk\ljfour\jknappen\ec\dpi600\ecbx1
200.pk>
Output written on PFC.pdf (43 pages, 818287 bytes).
